0 silly argv { _: [ 'import' ],
0 silly argv   flatten: true,
0 silly argv   lernaVersion: '3.13.4',
0 silly argv   '$0': 'lerna',
0 silly argv   dir:
0 silly argv    '/media/hagn/horsedump/Projects/own_n_oss/gatsby-background-image' }
1 notice cli v3.13.4
2 verbose rootPath /media/hagn/horsedump/Projects/own_n_oss/gbi
3 error Error: Command failed: git rev-parse HEAD
3 error fatal: ambiguous argument 'HEAD': unknown revision or path not in the working tree.
3 error Use '--' to separate paths from revisions, like this:
3 error 'git <command> [<revision>...] -- [<file>...]'
3 error
3 error HEAD
3 error
3 error     at makeError (/usr/lib/node_modules/lerna/node_modules/execa/index.js:174:9)
3 error     at Function.module.exports.sync (/usr/lib/node_modules/lerna/node_modules/execa/index.js:338:15)
3 error     at Object.execSync (/usr/lib/node_modules/lerna/node_modules/@lerna/child-process/index.js:23:16)
3 error     at ImportCommand.getCurrentSHA (/usr/lib/node_modules/lerna/node_modules/@lerna/import/index.js:129:34)
3 error     at ImportCommand.initialize (/usr/lib/node_modules/lerna/node_modules/@lerna/import/index.js:98:31)
3 error     at Promise.resolve.then (/usr/lib/node_modules/lerna/node_modules/@lerna/command/index.js:271:24)
